<?xml version="1.0" encoding="UTF-8"?>
<testsuite xmlns:xsi="http://www.w3.org/2001/XMLSchema-instance" xsi:noNamespaceSchemaLocation="https://maven.apache.org/surefire/maven-surefire-plugin/xsd/surefire-test-report.xsd" version="3.0.2" name="dss.RuleTest" time="0.0" tests="1" errors="0" skipped="0" failures="0">
  <properties>
    <property name="java.specification.version" value="21"/>
    <property name="sun.jnu.encoding" value="UTF-8"/>
    <property name="java.class.path" value="/home/alberto/OneDrive/docencia/2021_2_cuatrimestre/GIBM_DSS/Slides/drools/template/target/test-classes:/home/alberto/OneDrive/docencia/2021_2_cuatrimestre/GIBM_DSS/Slides/drools/template/target/classes:/home/alberto/.m2/repository/org/drools/drools-ruleunits-engine/10.0.0/drools-ruleunits-engine-10.0.0.jar:/home/alberto/.m2/repository/org/drools/drools-ruleunits-dsl/10.0.0/drools-ruleunits-dsl-10.0.0.jar:/home/alberto/.m2/repository/org/drools/drools-canonical-model/10.0.0/drools-canonical-model-10.0.0.jar:/home/alberto/.m2/repository/org/drools/drools-model-compiler/10.0.0/drools-model-compiler-10.0.0.jar:/home/alberto/.m2/repository/org/kie/kie-util-maven-support/10.0.0/kie-util-maven-support-10.0.0.jar:/home/alberto/.m2/repository/org/drools/drools-core/10.0.0/drools-core-10.0.0.jar:/home/alberto/.m2/repository/org/kie/kie-util-xml/10.0.0/kie-util-xml-10.0.0.jar:/home/alberto/.m2/repository/org/drools/drools-base/10.0.0/drools-base-10.0.0.jar:/home/alberto/.m2/repository/org/drools/drools-wiring-static/10.0.0/drools-wiring-static-10.0.0.jar:/home/alberto/.m2/repository/org/drools/drools-io/10.0.0/drools-io-10.0.0.jar:/home/alberto/.m2/repository/commons-codec/commons-codec/1.16.1/commons-codec-1.16.1.jar:/home/alberto/.m2/repository/org/drools/drools-compiler/10.0.0/drools-compiler-10.0.0.jar:/home/alberto/.m2/repository/org/drools/drools-drl-parser/10.0.0/drools-drl-parser-10.0.0.jar:/home/alberto/.m2/repository/org/drools/drools-drl-extensions/10.0.0/drools-drl-extensions-10.0.0.jar:/home/alberto/.m2/repository/org/drools/drools-drl-ast/10.0.0/drools-drl-ast-10.0.0.jar:/home/alberto/.m2/repository/org/drools/drools-kiesession/10.0.0/drools-kiesession-10.0.0.jar:/home/alberto/.m2/repository/org/drools/drools-ecj/10.0.0/drools-ecj-10.0.0.jar:/home/alberto/.m2/repository/org/eclipse/jdt/ecj/3.33.0/ecj-3.33.0.jar:/home/alberto/.m2/repository/org/antlr/antlr-runtime/3.5.2/antlr-runtime-3.5.2.jar:/home/alberto/.m2/repository/org/drools/drools-ruleunits-impl/10.0.0/drools-ruleunits-impl-10.0.0.jar:/home/alberto/.m2/repository/org/drools/drools-ruleunits-api/10.0.0/drools-ruleunits-api-10.0.0.jar:/home/alberto/.m2/repository/org/drools/drools-model-codegen/10.0.0/drools-model-codegen-10.0.0.jar:/home/alberto/.m2/repository/org/drools/drools-codegen-common/10.0.0/drools-codegen-common-10.0.0.jar:/home/alberto/.m2/repository/org/drools/drools-model-prototype/10.0.0/drools-model-prototype-10.0.0.jar:/home/alberto/.m2/repository/com/github/javaparser/javaparser-core/3.25.8/javaparser-core-3.25.8.jar:/home/alberto/.m2/repository/org/drools/drools-mvel-parser/10.0.0/drools-mvel-parser-10.0.0.jar:/home/alberto/.m2/repository/org/drools/drools-mvel-compiler/10.0.0/drools-mvel-compiler-10.0.0.jar:/home/alberto/.m2/repository/junit/junit/4.13.2/junit-4.13.2.jar:/home/alberto/.m2/repository/org/hamcrest/hamcrest-core/1.3/hamcrest-core-1.3.jar:/home/alberto/.m2/repository/org/slf4j/slf4j-api/2.0.17/slf4j-api-2.0.17.jar:/home/alberto/.m2/repository/ch/qos/logback/logback-classic/1.5.17/logback-classic-1.5.17.jar:/home/alberto/.m2/repository/ch/qos/logback/logback-core/1.5.17/logback-core-1.5.17.jar:/home/alberto/.m2/repository/org/drools/drools-wiring-dynamic/10.0.0/drools-wiring-dynamic-10.0.0.jar:/home/alberto/.m2/repository/org/drools/drools-wiring-api/10.0.0/drools-wiring-api-10.0.0.jar:/home/alberto/.m2/repository/org/kie/kie-memory-compiler/10.0.0/kie-memory-compiler-10.0.0.jar:/home/alberto/.m2/repository/org/drools/drools-util/10.0.0/drools-util-10.0.0.jar:/home/alberto/.m2/repository/org/kie/kie-api/10.0.0/kie-api-10.0.0.jar:/home/alberto/.m2/repository/org/kie/kie-internal/10.0.0/kie-internal-10.0.0.jar:"/>
    <property name="java.vm.vendor" value="Ubuntu"/>
    <property name="sun.arch.data.model" value="64"/>
    <property name="java.vendor.url" value="https://ubuntu.com/"/>
    <property name="user.timezone" value="Arctic/Longyearbyen"/>
    <property name="os.name" value="Linux"/>
    <property name="java.vm.specification.version" value="21"/>
    <property name="sun.java.launcher" value="SUN_STANDARD"/>
    <property name="user.country" value="ES"/>
    <property name="sun.boot.library.path" value="/usr/lib/jvm/java-21-openjdk-amd64/lib"/>
    <property name="sun.java.command" value="/home/alberto/OneDrive/docencia/2021_2_cuatrimestre/GIBM_DSS/Slides/drools/template/target/surefire/surefirebooter-20250314133748739_3.jar /home/alberto/OneDrive/docencia/2021_2_cuatrimestre/GIBM_DSS/Slides/drools/template/target/surefire 2025-03-14T13-37-48_628-jvmRun1 surefire-20250314133748739_1tmp surefire_0-20250314133748739_2tmp"/>
    <property name="jdk.debug" value="release"/>
    <property name="surefire.test.class.path" value="/home/alberto/OneDrive/docencia/2021_2_cuatrimestre/GIBM_DSS/Slides/drools/template/target/test-classes:/home/alberto/OneDrive/docencia/2021_2_cuatrimestre/GIBM_DSS/Slides/drools/template/target/classes:/home/alberto/.m2/repository/org/drools/drools-ruleunits-engine/10.0.0/drools-ruleunits-engine-10.0.0.jar:/home/alberto/.m2/repository/org/drools/drools-ruleunits-dsl/10.0.0/drools-ruleunits-dsl-10.0.0.jar:/home/alberto/.m2/repository/org/drools/drools-canonical-model/10.0.0/drools-canonical-model-10.0.0.jar:/home/alberto/.m2/repository/org/drools/drools-model-compiler/10.0.0/drools-model-compiler-10.0.0.jar:/home/alberto/.m2/repository/org/kie/kie-util-maven-support/10.0.0/kie-util-maven-support-10.0.0.jar:/home/alberto/.m2/repository/org/drools/drools-core/10.0.0/drools-core-10.0.0.jar:/home/alberto/.m2/repository/org/kie/kie-util-xml/10.0.0/kie-util-xml-10.0.0.jar:/home/alberto/.m2/repository/org/drools/drools-base/10.0.0/drools-base-10.0.0.jar:/home/alberto/.m2/repository/org/drools/drools-wiring-static/10.0.0/drools-wiring-static-10.0.0.jar:/home/alberto/.m2/repository/org/drools/drools-io/10.0.0/drools-io-10.0.0.jar:/home/alberto/.m2/repository/commons-codec/commons-codec/1.16.1/commons-codec-1.16.1.jar:/home/alberto/.m2/repository/org/drools/drools-compiler/10.0.0/drools-compiler-10.0.0.jar:/home/alberto/.m2/repository/org/drools/drools-drl-parser/10.0.0/drools-drl-parser-10.0.0.jar:/home/alberto/.m2/repository/org/drools/drools-drl-extensions/10.0.0/drools-drl-extensions-10.0.0.jar:/home/alberto/.m2/repository/org/drools/drools-drl-ast/10.0.0/drools-drl-ast-10.0.0.jar:/home/alberto/.m2/repository/org/drools/drools-kiesession/10.0.0/drools-kiesession-10.0.0.jar:/home/alberto/.m2/repository/org/drools/drools-ecj/10.0.0/drools-ecj-10.0.0.jar:/home/alberto/.m2/repository/org/eclipse/jdt/ecj/3.33.0/ecj-3.33.0.jar:/home/alberto/.m2/repository/org/antlr/antlr-runtime/3.5.2/antlr-runtime-3.5.2.jar:/home/alberto/.m2/repository/org/drools/drools-ruleunits-impl/10.0.0/drools-ruleunits-impl-10.0.0.jar:/home/alberto/.m2/repository/org/drools/drools-ruleunits-api/10.0.0/drools-ruleunits-api-10.0.0.jar:/home/alberto/.m2/repository/org/drools/drools-model-codegen/10.0.0/drools-model-codegen-10.0.0.jar:/home/alberto/.m2/repository/org/drools/drools-codegen-common/10.0.0/drools-codegen-common-10.0.0.jar:/home/alberto/.m2/repository/org/drools/drools-model-prototype/10.0.0/drools-model-prototype-10.0.0.jar:/home/alberto/.m2/repository/com/github/javaparser/javaparser-core/3.25.8/javaparser-core-3.25.8.jar:/home/alberto/.m2/repository/org/drools/drools-mvel-parser/10.0.0/drools-mvel-parser-10.0.0.jar:/home/alberto/.m2/repository/org/drools/drools-mvel-compiler/10.0.0/drools-mvel-compiler-10.0.0.jar:/home/alberto/.m2/repository/junit/junit/4.13.2/junit-4.13.2.jar:/home/alberto/.m2/repository/org/hamcrest/hamcrest-core/1.3/hamcrest-core-1.3.jar:/home/alberto/.m2/repository/org/slf4j/slf4j-api/2.0.17/slf4j-api-2.0.17.jar:/home/alberto/.m2/repository/ch/qos/logback/logback-classic/1.5.17/logback-classic-1.5.17.jar:/home/alberto/.m2/repository/ch/qos/logback/logback-core/1.5.17/logback-core-1.5.17.jar:/home/alberto/.m2/repository/org/drools/drools-wiring-dynamic/10.0.0/drools-wiring-dynamic-10.0.0.jar:/home/alberto/.m2/repository/org/drools/drools-wiring-api/10.0.0/drools-wiring-api-10.0.0.jar:/home/alberto/.m2/repository/org/kie/kie-memory-compiler/10.0.0/kie-memory-compiler-10.0.0.jar:/home/alberto/.m2/repository/org/drools/drools-util/10.0.0/drools-util-10.0.0.jar:/home/alberto/.m2/repository/org/kie/kie-api/10.0.0/kie-api-10.0.0.jar:/home/alberto/.m2/repository/org/kie/kie-internal/10.0.0/kie-internal-10.0.0.jar:"/>
    <property name="sun.cpu.endian" value="little"/>
    <property name="user.home" value="/home/alberto"/>
    <property name="user.language" value="es"/>
    <property name="java.specification.vendor" value="Oracle Corporation"/>
    <property name="java.version.date" value="2025-01-21"/>
    <property name="java.home" value="/usr/lib/jvm/java-21-openjdk-amd64"/>
    <property name="file.separator" value="/"/>
    <property name="basedir" value="/home/alberto/OneDrive/docencia/2021_2_cuatrimestre/GIBM_DSS/Slides/drools/template"/>
    <property name="java.vm.compressedOopsMode" value="Zero based"/>
    <property name="line.separator" value="&#10;"/>
    <property name="java.specification.name" value="Java Platform API Specification"/>
    <property name="java.vm.specification.vendor" value="Oracle Corporation"/>
    <property name="surefire.real.class.path" value="/home/alberto/OneDrive/docencia/2021_2_cuatrimestre/GIBM_DSS/Slides/drools/template/target/surefire/surefirebooter-20250314133748739_3.jar"/>
    <property name="sun.management.compiler" value="HotSpot 64-Bit Tiered Compilers"/>
    <property name="java.runtime.version" value="21.0.6+7-Ubuntu-122.04.1"/>
    <property name="user.name" value="alberto"/>
    <property name="stdout.encoding" value="UTF-8"/>
    <property name="path.separator" value=":"/>
    <property name="os.version" value="6.8.0-52-generic"/>
    <property name="java.runtime.name" value="OpenJDK Runtime Environment"/>
    <property name="file.encoding" value="UTF-8"/>
    <property name="java.vm.name" value="OpenJDK 64-Bit Server VM"/>
    <property name="localRepository" value="/home/alberto/.m2/repository"/>
    <property name="java.vendor.url.bug" value="https://bugs.launchpad.net/ubuntu/+source/openjdk-21"/>
    <property name="java.io.tmpdir" value="/tmp"/>
    <property name="idea.version" value="2024.3.4.1"/>
    <property name="java.version" value="21.0.6"/>
    <property name="user.dir" value="/home/alberto/OneDrive/docencia/2021_2_cuatrimestre/GIBM_DSS/Slides/drools/template"/>
    <property name="os.arch" value="amd64"/>
    <property name="java.vm.specification.name" value="Java Virtual Machine Specification"/>
    <property name="native.encoding" value="UTF-8"/>
    <property name="java.library.path" value="/usr/java/packages/lib:/usr/lib/x86_64-linux-gnu/jni:/lib/x86_64-linux-gnu:/usr/lib/x86_64-linux-gnu:/usr/lib/jni:/lib:/usr/lib"/>
    <property name="java.vm.info" value="mixed mode, sharing"/>
    <property name="stderr.encoding" value="UTF-8"/>
    <property name="java.vendor" value="Ubuntu"/>
    <property name="java.vm.version" value="21.0.6+7-Ubuntu-122.04.1"/>
    <property name="sun.io.unicode.encoding" value="UnicodeLittle"/>
    <property name="java.class.version" value="65.0"/>
  </properties>
  <testcase name="test" classname="dss.RuleTest" time="0.0">
    <system-out><![CDATA[2025-03-14 13:37:49,699 [main] INFO  Creating RuleUnit
2025-03-14 13:37:49,700 [main] INFO  Insert data
2025-03-14 13:37:49,701 [main] INFO  Run query. Rules are also fired
[Measurement [id=color, val=red], Measurement [id=color, val=green], Measurement [id=color, val=blue]]
]]></system-out>
  </testcase>
</testsuite>