<?xml version="1.0" encoding="UTF-8"?>
<testsuite xmlns:xsi="http://www.w3.org/2001/XMLSchema-instance" xsi:noNamespaceSchemaLocation="https://maven.apache.org/surefire/maven-surefire-plugin/xsd/surefire-test-report.xsd" version="3.0.2" name="lipid.AdductDetectionTest" time="0.0" tests="5" errors="0" skipped="0" failures="0">
  <properties>
    <property name="java.specification.version" value="22"/>
    <property name="sun.cpu.isalist" value="amd64"/>
    <property name="sun.jnu.encoding" value="Cp1252"/>
    <property name="java.class.path" value="C:\Users\34611\Desktop\INGENIERIA_BIOMEDICA\TERCERO_CARRERA\SEGUNDO_CUATRI\SISTEMAS_SOPORTE\mass-spectrometry-drools\target\test-classes;C:\Users\34611\Desktop\INGENIERIA_BIOMEDICA\TERCERO_CARRERA\SEGUNDO_CUATRI\SISTEMAS_SOPORTE\mass-spectrometry-drools\target\classes;C:\Users\34611\.m2\repository\org\drools\drools-ruleunits-engine\8.41.0.Final\drools-ruleunits-engine-8.41.0.Final.jar;C:\Users\34611\.m2\repository\org\drools\drools-ruleunits-dsl\8.41.0.Final\drools-ruleunits-dsl-8.41.0.Final.jar;C:\Users\34611\.m2\repository\org\drools\drools-canonical-model\8.41.0.Final\drools-canonical-model-8.41.0.Final.jar;C:\Users\34611\.m2\repository\org\drools\drools-model-compiler\8.41.0.Final\drools-model-compiler-8.41.0.Final.jar;C:\Users\34611\.m2\repository\org\drools\drools-ruleunits-impl\8.41.0.Final\drools-ruleunits-impl-8.41.0.Final.jar;C:\Users\34611\.m2\repository\org\drools\drools-ruleunits-api\8.41.0.Final\drools-ruleunits-api-8.41.0.Final.jar;C:\Users\34611\.m2\repository\org\drools\drools-model-codegen\8.41.0.Final\drools-model-codegen-8.41.0.Final.jar;C:\Users\34611\.m2\repository\org\drools\drools-codegen-common\8.41.0.Final\drools-codegen-common-8.41.0.Final.jar;C:\Users\34611\.m2\repository\com\github\javaparser\javaparser-core\3.24.2\javaparser-core-3.24.2.jar;C:\Users\34611\.m2\repository\org\drools\drools-mvel-parser\8.41.0.Final\drools-mvel-parser-8.41.0.Final.jar;C:\Users\34611\.m2\repository\org\drools\drools-mvel-compiler\8.41.0.Final\drools-mvel-compiler-8.41.0.Final.jar;C:\Users\34611\.m2\repository\junit\junit\4.13.2\junit-4.13.2.jar;C:\Users\34611\.m2\repository\org\hamcrest\hamcrest-core\1.3\hamcrest-core-1.3.jar;C:\Users\34611\.m2\repository\org\slf4j\slf4j-api\2.0.17\slf4j-api-2.0.17.jar;C:\Users\34611\.m2\repository\ch\qos\logback\logback-classic\1.5.17\logback-classic-1.5.17.jar;C:\Users\34611\.m2\repository\ch\qos\logback\logback-core\1.5.17\logback-core-1.5.17.jar;C:\Users\34611\.m2\repository\org\drools\drools-wiring-dynamic\8.41.0.Final\drools-wiring-dynamic-8.41.0.Final.jar;C:\Users\34611\.m2\repository\org\drools\drools-wiring-api\8.41.0.Final\drools-wiring-api-8.41.0.Final.jar;C:\Users\34611\.m2\repository\org\kie\kie-memory-compiler\8.41.0.Final\kie-memory-compiler-8.41.0.Final.jar;C:\Users\34611\.m2\repository\org\kie\kie-api\8.41.0.Final\kie-api-8.41.0.Final.jar;C:\Users\34611\.m2\repository\org\kie\kie-internal\8.41.0.Final\kie-internal-8.41.0.Final.jar;C:\Users\34611\.m2\repository\org\kie\kie-ci\8.41.0.Final\kie-ci-8.41.0.Final.jar;C:\Users\34611\.m2\repository\org\drools\drools-base\8.41.0.Final\drools-base-8.41.0.Final.jar;C:\Users\34611\.m2\repository\org\drools\drools-util\8.41.0.Final\drools-util-8.41.0.Final.jar;C:\Users\34611\.m2\repository\commons-codec\commons-codec\1.15\commons-codec-1.15.jar;C:\Users\34611\.m2\repository\org\drools\drools-core\8.41.0.Final\drools-core-8.41.0.Final.jar;C:\Users\34611\.m2\repository\org\kie\kie-util-xml\8.41.0.Final\kie-util-xml-8.41.0.Final.jar;C:\Users\34611\.m2\repository\org\drools\drools-wiring-static\8.41.0.Final\drools-wiring-static-8.41.0.Final.jar;C:\Users\34611\.m2\repository\org\drools\drools-io\8.41.0.Final\drools-io-8.41.0.Final.jar;C:\Users\34611\.m2\repository\org\drools\drools-compiler\8.41.0.Final\drools-compiler-8.41.0.Final.jar;C:\Users\34611\.m2\repository\org\drools\drools-drl-parser\8.41.0.Final\drools-drl-parser-8.41.0.Final.jar;C:\Users\34611\.m2\repository\org\drools\drools-drl-extensions\8.41.0.Final\drools-drl-extensions-8.41.0.Final.jar;C:\Users\34611\.m2\repository\org\drools\drools-drl-ast\8.41.0.Final\drools-drl-ast-8.41.0.Final.jar;C:\Users\34611\.m2\repository\org\drools\drools-kiesession\8.41.0.Final\drools-kiesession-8.41.0.Final.jar;C:\Users\34611\.m2\repository\org\drools\drools-ecj\8.41.0.Final\drools-ecj-8.41.0.Final.jar;C:\Users\34611\.m2\repository\org\eclipse\jdt\ecj\3.33.0\ecj-3.33.0.jar;C:\Users\34611\.m2\repository\org\antlr\antlr-runtime\3.5.2\antlr-runtime-3.5.2.jar;C:\Users\34611\.m2\repository\org\drools\drools-mvel\8.41.0.Final\drools-mvel-8.41.0.Final.jar;C:\Users\34611\.m2\repository\org\mvel\mvel2\2.5.0.Final\mvel2-2.5.0.Final.jar;C:\Users\34611\.m2\repository\org\drools\drools-serialization-protobuf\8.41.0.Final\drools-serialization-protobuf-8.41.0.Final.jar;C:\Users\34611\.m2\repository\org\drools\drools-tms\8.41.0.Final\drools-tms-8.41.0.Final.jar;C:\Users\34611\.m2\repository\com\google\protobuf\protobuf-java\3.22.0\protobuf-java-3.22.0.jar;C:\Users\34611\.m2\repository\org\kie\kie-util-maven-support\8.41.0.Final\kie-util-maven-support-8.41.0.Final.jar;C:\Users\34611\.m2\repository\org\kie\kie-util-maven-integration\8.41.0.Final\kie-util-maven-integration-8.41.0.Final.jar;C:\Users\34611\.m2\repository\org\apache\maven\resolver\maven-resolver-connector-basic\1.7.3\maven-resolver-connector-basic-1.7.3.jar;C:\Users\34611\.m2\repository\org\apache\maven\resolver\maven-resolver-transport-wagon\1.7.3\maven-resolver-transport-wagon-1.7.3.jar;C:\Users\34611\.m2\repository\org\apache\maven\resolver\maven-resolver-transport-file\1.7.3\maven-resolver-transport-file-1.7.3.jar;C:\Users\34611\.m2\repository\org\apache\maven\resolver\maven-resolver-transport-http\1.7.3\maven-resolver-transport-http-1.7.3.jar;C:\Users\34611\.m2\repository\org\apache\httpcomponents\httpclient\4.5.13\httpclient-4.5.13.jar;C:\Users\34611\.m2\repository\jakarta\inject\jakarta.inject-api\1.0\jakarta.inject-api-1.0.jar;C:\Users\34611\.m2\repository\jakarta\enterprise\jakarta.enterprise.cdi-api\2.0.2\jakarta.enterprise.cdi-api-2.0.2.jar;C:\Users\34611\.m2\repository\jakarta\el\jakarta.el-api\3.0.3\jakarta.el-api-3.0.3.jar;C:\Users\34611\.m2\repository\jakarta\interceptor\jakarta.interceptor-api\1.2.5\jakarta.interceptor-api-1.2.5.jar;C:\Users\34611\.m2\repository\jakarta\annotation\jakarta.annotation-api\1.3.5\jakarta.annotation-api-1.3.5.jar;C:\Users\34611\.m2\repository\jakarta\ejb\jakarta.ejb-api\3.2.6\jakarta.ejb-api-3.2.6.jar;C:\Users\34611\.m2\repository\jakarta\transaction\jakarta.transaction-api\1.3.2\jakarta.transaction-api-1.3.2.jar;C:\Users\34611\.m2\repository\org\apache\ant\ant\1.10.11\ant-1.10.11.jar;C:\Users\34611\.m2\repository\org\apache\ant\ant-launcher\1.10.11\ant-launcher-1.10.11.jar;C:\Users\34611\.m2\repository\org\apache\maven\wagon\wagon-http\3.5.1\wagon-http-3.5.1.jar;C:\Users\34611\.m2\repository\org\apache\maven\wagon\wagon-http-shared\3.5.1\wagon-http-shared-3.5.1.jar;C:\Users\34611\.m2\repository\org\apache\httpcomponents\httpcore\4.4.15\httpcore-4.4.15.jar;C:\Users\34611\.m2\repository\org\apache\maven\maven-core\3.8.6\maven-core-3.8.6.jar;C:\Users\34611\.m2\repository\org\apache\maven\maven-model\3.8.6\maven-model-3.8.6.jar;C:\Users\34611\.m2\repository\org\apache\maven\maven-settings\3.8.6\maven-settings-3.8.6.jar;C:\Users\34611\.m2\repository\org\apache\maven\maven-settings-builder\3.8.6\maven-settings-builder-3.8.6.jar;C:\Users\34611\.m2\repository\org\codehaus\plexus\plexus-sec-dispatcher\2.0\plexus-sec-dispatcher-2.0.jar;C:\Users\34611\.m2\repository\org\codehaus\plexus\plexus-cipher\2.0\plexus-cipher-2.0.jar;C:\Users\34611\.m2\repository\org\apache\maven\maven-builder-support\3.8.6\maven-builder-support-3.8.6.jar;C:\Users\34611\.m2\repository\org\apache\maven\maven-repository-metadata\3.8.6\maven-repository-metadata-3.8.6.jar;C:\Users\34611\.m2\repository\org\apache\maven\maven-artifact\3.8.6\maven-artifact-3.8.6.jar;C:\Users\34611\.m2\repository\org\apache\maven\maven-plugin-api\3.8.6\maven-plugin-api-3.8.6.jar;C:\Users\34611\.m2\repository\org\apache\maven\maven-model-builder\3.8.6\maven-model-builder-3.8.6.jar;C:\Users\34611\.m2\repository\org\apache\maven\maven-resolver-provider\3.8.6\maven-resolver-provider-3.8.6.jar;C:\Users\34611\.m2\repository\org\apache\maven\resolver\maven-resolver-impl\1.6.3\maven-resolver-impl-1.6.3.jar;C:\Users\34611\.m2\repository\org\apache\maven\resolver\maven-resolver-api\1.6.3\maven-resolver-api-1.6.3.jar;C:\Users\34611\.m2\repository\org\apache\maven\resolver\maven-resolver-spi\1.6.3\maven-resolver-spi-1.6.3.jar;C:\Users\34611\.m2\repository\org\apache\maven\resolver\maven-resolver-util\1.6.3\maven-resolver-util-1.6.3.jar;C:\Users\34611\.m2\repository\org\apache\maven\shared\maven-shared-utils\3.3.4\maven-shared-utils-3.3.4.jar;C:\Users\34611\.m2\repository\org\eclipse\sisu\org.eclipse.sisu.plexus\0.3.5\org.eclipse.sisu.plexus-0.3.5.jar;C:\Users\34611\.m2\repository\org\eclipse\sisu\org.eclipse.sisu.inject\0.3.5\org.eclipse.sisu.inject-0.3.5.jar;C:\Users\34611\.m2\repository\com\google\inject\guice\4.2.2\guice-4.2.2-no_aop.jar;C:\Users\34611\.m2\repository\aopalliance\aopalliance\1.0\aopalliance-1.0.jar;C:\Users\34611\.m2\repository\org\codehaus\plexus\plexus-utils\3.3.1\plexus-utils-3.3.1.jar;C:\Users\34611\.m2\repository\org\codehaus\plexus\plexus-classworlds\2.6.0\plexus-classworlds-2.6.0.jar;C:\Users\34611\.m2\repository\org\codehaus\plexus\plexus-interpolation\1.26\plexus-interpolation-1.26.jar;C:\Users\34611\.m2\repository\org\codehaus\plexus\plexus-component-annotations\2.1.0\plexus-component-annotations-2.1.0.jar;C:\Users\34611\.m2\repository\org\apache\commons\commons-lang3\3.8.1\commons-lang3-3.8.1.jar;C:\Users\34611\.m2\repository\org\apache\maven\maven-compat\3.8.6\maven-compat-3.8.6.jar;C:\Users\34611\.m2\repository\org\apache\maven\wagon\wagon-provider-api\3.5.1\wagon-provider-api-3.5.1.jar;C:\Users\34611\.m2\repository\javax\inject\javax.inject\1\javax.inject-1.jar;C:\Users\34611\.m2\repository\com\google\guava\guava\32.0.1-jre\guava-32.0.1-jre.jar;C:\Users\34611\.m2\repository\com\google\guava\failureaccess\1.0.1\failureaccess-1.0.1.jar;C:\Users\34611\.m2\repository\com\google\guava\listenablefuture\9999.0-empty-to-avoid-conflict-with-guava\listenablefuture-9999.0-empty-to-avoid-conflict-with-guava.jar;C:\Users\34611\.m2\repository\com\google\code\findbugs\jsr305\3.0.2\jsr305-3.0.2.jar;C:\Users\34611\.m2\repository\org\checkerframework\checker-qual\3.33.0\checker-qual-3.33.0.jar;C:\Users\34611\.m2\repository\com\google\errorprone\error_prone_annotations\2.18.0\error_prone_annotations-2.18.0.jar;C:\Users\34611\.m2\repository\com\google\j2objc\j2objc-annotations\2.8\j2objc-annotations-2.8.jar;C:\Users\34611\.m2\repository\commons-io\commons-io\2.11.0\commons-io-2.11.0.jar;C:\Users\34611\.m2\repository\org\slf4j\jcl-over-slf4j\1.7.30\jcl-over-slf4j-1.7.30.jar;"/>
    <property name="java.vm.vendor" value="Oracle Corporation"/>
    <property name="sun.arch.data.model" value="64"/>
    <property name="user.variant" value=""/>
    <property name="java.vendor.url" value="https://java.oracle.com/"/>
    <property name="user.timezone" value="Europe/Madrid"/>
    <property name="os.name" value="Windows 11"/>
    <property name="java.vm.specification.version" value="22"/>
    <property name="sun.java.launcher" value="SUN_STANDARD"/>
    <property name="user.country" value="ES"/>
    <property name="sun.boot.library.path" value="C:\Program Files\JAVA\jdk-22.0.2\bin"/>
    <property name="sun.java.command" value="C:\Users\34611\AppData\Local\Temp\surefire15459261446200346491\surefirebooter-20250508162443228_3.jar C:\Users\34611\AppData\Local\Temp\surefire15459261446200346491 2025-05-08T16-24-42_245-jvmRun1 surefire-20250508162443228_1tmp surefire_0-20250508162443228_2tmp"/>
    <property name="jdk.debug" value="release"/>
    <property name="surefire.test.class.path" value="C:\Users\34611\Desktop\INGENIERIA_BIOMEDICA\TERCERO_CARRERA\SEGUNDO_CUATRI\SISTEMAS_SOPORTE\mass-spectrometry-drools\target\test-classes;C:\Users\34611\Desktop\INGENIERIA_BIOMEDICA\TERCERO_CARRERA\SEGUNDO_CUATRI\SISTEMAS_SOPORTE\mass-spectrometry-drools\target\classes;C:\Users\34611\.m2\repository\org\drools\drools-ruleunits-engine\8.41.0.Final\drools-ruleunits-engine-8.41.0.Final.jar;C:\Users\34611\.m2\repository\org\drools\drools-ruleunits-dsl\8.41.0.Final\drools-ruleunits-dsl-8.41.0.Final.jar;C:\Users\34611\.m2\repository\org\drools\drools-canonical-model\8.41.0.Final\drools-canonical-model-8.41.0.Final.jar;C:\Users\34611\.m2\repository\org\drools\drools-model-compiler\8.41.0.Final\drools-model-compiler-8.41.0.Final.jar;C:\Users\34611\.m2\repository\org\drools\drools-ruleunits-impl\8.41.0.Final\drools-ruleunits-impl-8.41.0.Final.jar;C:\Users\34611\.m2\repository\org\drools\drools-ruleunits-api\8.41.0.Final\drools-ruleunits-api-8.41.0.Final.jar;C:\Users\34611\.m2\repository\org\drools\drools-model-codegen\8.41.0.Final\drools-model-codegen-8.41.0.Final.jar;C:\Users\34611\.m2\repository\org\drools\drools-codegen-common\8.41.0.Final\drools-codegen-common-8.41.0.Final.jar;C:\Users\34611\.m2\repository\com\github\javaparser\javaparser-core\3.24.2\javaparser-core-3.24.2.jar;C:\Users\34611\.m2\repository\org\drools\drools-mvel-parser\8.41.0.Final\drools-mvel-parser-8.41.0.Final.jar;C:\Users\34611\.m2\repository\org\drools\drools-mvel-compiler\8.41.0.Final\drools-mvel-compiler-8.41.0.Final.jar;C:\Users\34611\.m2\repository\junit\junit\4.13.2\junit-4.13.2.jar;C:\Users\34611\.m2\repository\org\hamcrest\hamcrest-core\1.3\hamcrest-core-1.3.jar;C:\Users\34611\.m2\repository\org\slf4j\slf4j-api\2.0.17\slf4j-api-2.0.17.jar;C:\Users\34611\.m2\repository\ch\qos\logback\logback-classic\1.5.17\logback-classic-1.5.17.jar;C:\Users\34611\.m2\repository\ch\qos\logback\logback-core\1.5.17\logback-core-1.5.17.jar;C:\Users\34611\.m2\repository\org\drools\drools-wiring-dynamic\8.41.0.Final\drools-wiring-dynamic-8.41.0.Final.jar;C:\Users\34611\.m2\repository\org\drools\drools-wiring-api\8.41.0.Final\drools-wiring-api-8.41.0.Final.jar;C:\Users\34611\.m2\repository\org\kie\kie-memory-compiler\8.41.0.Final\kie-memory-compiler-8.41.0.Final.jar;C:\Users\34611\.m2\repository\org\kie\kie-api\8.41.0.Final\kie-api-8.41.0.Final.jar;C:\Users\34611\.m2\repository\org\kie\kie-internal\8.41.0.Final\kie-internal-8.41.0.Final.jar;C:\Users\34611\.m2\repository\org\kie\kie-ci\8.41.0.Final\kie-ci-8.41.0.Final.jar;C:\Users\34611\.m2\repository\org\drools\drools-base\8.41.0.Final\drools-base-8.41.0.Final.jar;C:\Users\34611\.m2\repository\org\drools\drools-util\8.41.0.Final\drools-util-8.41.0.Final.jar;C:\Users\34611\.m2\repository\commons-codec\commons-codec\1.15\commons-codec-1.15.jar;C:\Users\34611\.m2\repository\org\drools\drools-core\8.41.0.Final\drools-core-8.41.0.Final.jar;C:\Users\34611\.m2\repository\org\kie\kie-util-xml\8.41.0.Final\kie-util-xml-8.41.0.Final.jar;C:\Users\34611\.m2\repository\org\drools\drools-wiring-static\8.41.0.Final\drools-wiring-static-8.41.0.Final.jar;C:\Users\34611\.m2\repository\org\drools\drools-io\8.41.0.Final\drools-io-8.41.0.Final.jar;C:\Users\34611\.m2\repository\org\drools\drools-compiler\8.41.0.Final\drools-compiler-8.41.0.Final.jar;C:\Users\34611\.m2\repository\org\drools\drools-drl-parser\8.41.0.Final\drools-drl-parser-8.41.0.Final.jar;C:\Users\34611\.m2\repository\org\drools\drools-drl-extensions\8.41.0.Final\drools-drl-extensions-8.41.0.Final.jar;C:\Users\34611\.m2\repository\org\drools\drools-drl-ast\8.41.0.Final\drools-drl-ast-8.41.0.Final.jar;C:\Users\34611\.m2\repository\org\drools\drools-kiesession\8.41.0.Final\drools-kiesession-8.41.0.Final.jar;C:\Users\34611\.m2\repository\org\drools\drools-ecj\8.41.0.Final\drools-ecj-8.41.0.Final.jar;C:\Users\34611\.m2\repository\org\eclipse\jdt\ecj\3.33.0\ecj-3.33.0.jar;C:\Users\34611\.m2\repository\org\antlr\antlr-runtime\3.5.2\antlr-runtime-3.5.2.jar;C:\Users\34611\.m2\repository\org\drools\drools-mvel\8.41.0.Final\drools-mvel-8.41.0.Final.jar;C:\Users\34611\.m2\repository\org\mvel\mvel2\2.5.0.Final\mvel2-2.5.0.Final.jar;C:\Users\34611\.m2\repository\org\drools\drools-serialization-protobuf\8.41.0.Final\drools-serialization-protobuf-8.41.0.Final.jar;C:\Users\34611\.m2\repository\org\drools\drools-tms\8.41.0.Final\drools-tms-8.41.0.Final.jar;C:\Users\34611\.m2\repository\com\google\protobuf\protobuf-java\3.22.0\protobuf-java-3.22.0.jar;C:\Users\34611\.m2\repository\org\kie\kie-util-maven-support\8.41.0.Final\kie-util-maven-support-8.41.0.Final.jar;C:\Users\34611\.m2\repository\org\kie\kie-util-maven-integration\8.41.0.Final\kie-util-maven-integration-8.41.0.Final.jar;C:\Users\34611\.m2\repository\org\apache\maven\resolver\maven-resolver-connector-basic\1.7.3\maven-resolver-connector-basic-1.7.3.jar;C:\Users\34611\.m2\repository\org\apache\maven\resolver\maven-resolver-transport-wagon\1.7.3\maven-resolver-transport-wagon-1.7.3.jar;C:\Users\34611\.m2\repository\org\apache\maven\resolver\maven-resolver-transport-file\1.7.3\maven-resolver-transport-file-1.7.3.jar;C:\Users\34611\.m2\repository\org\apache\maven\resolver\maven-resolver-transport-http\1.7.3\maven-resolver-transport-http-1.7.3.jar;C:\Users\34611\.m2\repository\org\apache\httpcomponents\httpclient\4.5.13\httpclient-4.5.13.jar;C:\Users\34611\.m2\repository\jakarta\inject\jakarta.inject-api\1.0\jakarta.inject-api-1.0.jar;C:\Users\34611\.m2\repository\jakarta\enterprise\jakarta.enterprise.cdi-api\2.0.2\jakarta.enterprise.cdi-api-2.0.2.jar;C:\Users\34611\.m2\repository\jakarta\el\jakarta.el-api\3.0.3\jakarta.el-api-3.0.3.jar;C:\Users\34611\.m2\repository\jakarta\interceptor\jakarta.interceptor-api\1.2.5\jakarta.interceptor-api-1.2.5.jar;C:\Users\34611\.m2\repository\jakarta\annotation\jakarta.annotation-api\1.3.5\jakarta.annotation-api-1.3.5.jar;C:\Users\34611\.m2\repository\jakarta\ejb\jakarta.ejb-api\3.2.6\jakarta.ejb-api-3.2.6.jar;C:\Users\34611\.m2\repository\jakarta\transaction\jakarta.transaction-api\1.3.2\jakarta.transaction-api-1.3.2.jar;C:\Users\34611\.m2\repository\org\apache\ant\ant\1.10.11\ant-1.10.11.jar;C:\Users\34611\.m2\repository\org\apache\ant\ant-launcher\1.10.11\ant-launcher-1.10.11.jar;C:\Users\34611\.m2\repository\org\apache\maven\wagon\wagon-http\3.5.1\wagon-http-3.5.1.jar;C:\Users\34611\.m2\repository\org\apache\maven\wagon\wagon-http-shared\3.5.1\wagon-http-shared-3.5.1.jar;C:\Users\34611\.m2\repository\org\apache\httpcomponents\httpcore\4.4.15\httpcore-4.4.15.jar;C:\Users\34611\.m2\repository\org\apache\maven\maven-core\3.8.6\maven-core-3.8.6.jar;C:\Users\34611\.m2\repository\org\apache\maven\maven-model\3.8.6\maven-model-3.8.6.jar;C:\Users\34611\.m2\repository\org\apache\maven\maven-settings\3.8.6\maven-settings-3.8.6.jar;C:\Users\34611\.m2\repository\org\apache\maven\maven-settings-builder\3.8.6\maven-settings-builder-3.8.6.jar;C:\Users\34611\.m2\repository\org\codehaus\plexus\plexus-sec-dispatcher\2.0\plexus-sec-dispatcher-2.0.jar;C:\Users\34611\.m2\repository\org\codehaus\plexus\plexus-cipher\2.0\plexus-cipher-2.0.jar;C:\Users\34611\.m2\repository\org\apache\maven\maven-builder-support\3.8.6\maven-builder-support-3.8.6.jar;C:\Users\34611\.m2\repository\org\apache\maven\maven-repository-metadata\3.8.6\maven-repository-metadata-3.8.6.jar;C:\Users\34611\.m2\repository\org\apache\maven\maven-artifact\3.8.6\maven-artifact-3.8.6.jar;C:\Users\34611\.m2\repository\org\apache\maven\maven-plugin-api\3.8.6\maven-plugin-api-3.8.6.jar;C:\Users\34611\.m2\repository\org\apache\maven\maven-model-builder\3.8.6\maven-model-builder-3.8.6.jar;C:\Users\34611\.m2\repository\org\apache\maven\maven-resolver-provider\3.8.6\maven-resolver-provider-3.8.6.jar;C:\Users\34611\.m2\repository\org\apache\maven\resolver\maven-resolver-impl\1.6.3\maven-resolver-impl-1.6.3.jar;C:\Users\34611\.m2\repository\org\apache\maven\resolver\maven-resolver-api\1.6.3\maven-resolver-api-1.6.3.jar;C:\Users\34611\.m2\repository\org\apache\maven\resolver\maven-resolver-spi\1.6.3\maven-resolver-spi-1.6.3.jar;C:\Users\34611\.m2\repository\org\apache\maven\resolver\maven-resolver-util\1.6.3\maven-resolver-util-1.6.3.jar;C:\Users\34611\.m2\repository\org\apache\maven\shared\maven-shared-utils\3.3.4\maven-shared-utils-3.3.4.jar;C:\Users\34611\.m2\repository\org\eclipse\sisu\org.eclipse.sisu.plexus\0.3.5\org.eclipse.sisu.plexus-0.3.5.jar;C:\Users\34611\.m2\repository\org\eclipse\sisu\org.eclipse.sisu.inject\0.3.5\org.eclipse.sisu.inject-0.3.5.jar;C:\Users\34611\.m2\repository\com\google\inject\guice\4.2.2\guice-4.2.2-no_aop.jar;C:\Users\34611\.m2\repository\aopalliance\aopalliance\1.0\aopalliance-1.0.jar;C:\Users\34611\.m2\repository\org\codehaus\plexus\plexus-utils\3.3.1\plexus-utils-3.3.1.jar;C:\Users\34611\.m2\repository\org\codehaus\plexus\plexus-classworlds\2.6.0\plexus-classworlds-2.6.0.jar;C:\Users\34611\.m2\repository\org\codehaus\plexus\plexus-interpolation\1.26\plexus-interpolation-1.26.jar;C:\Users\34611\.m2\repository\org\codehaus\plexus\plexus-component-annotations\2.1.0\plexus-component-annotations-2.1.0.jar;C:\Users\34611\.m2\repository\org\apache\commons\commons-lang3\3.8.1\commons-lang3-3.8.1.jar;C:\Users\34611\.m2\repository\org\apache\maven\maven-compat\3.8.6\maven-compat-3.8.6.jar;C:\Users\34611\.m2\repository\org\apache\maven\wagon\wagon-provider-api\3.5.1\wagon-provider-api-3.5.1.jar;C:\Users\34611\.m2\repository\javax\inject\javax.inject\1\javax.inject-1.jar;C:\Users\34611\.m2\repository\com\google\guava\guava\32.0.1-jre\guava-32.0.1-jre.jar;C:\Users\34611\.m2\repository\com\google\guava\failureaccess\1.0.1\failureaccess-1.0.1.jar;C:\Users\34611\.m2\repository\com\google\guava\listenablefuture\9999.0-empty-to-avoid-conflict-with-guava\listenablefuture-9999.0-empty-to-avoid-conflict-with-guava.jar;C:\Users\34611\.m2\repository\com\google\code\findbugs\jsr305\3.0.2\jsr305-3.0.2.jar;C:\Users\34611\.m2\repository\org\checkerframework\checker-qual\3.33.0\checker-qual-3.33.0.jar;C:\Users\34611\.m2\repository\com\google\errorprone\error_prone_annotations\2.18.0\error_prone_annotations-2.18.0.jar;C:\Users\34611\.m2\repository\com\google\j2objc\j2objc-annotations\2.8\j2objc-annotations-2.8.jar;C:\Users\34611\.m2\repository\commons-io\commons-io\2.11.0\commons-io-2.11.0.jar;C:\Users\34611\.m2\repository\org\slf4j\jcl-over-slf4j\1.7.30\jcl-over-slf4j-1.7.30.jar;"/>
    <property name="sun.cpu.endian" value="little"/>
    <property name="user.home" value="C:\Users\34611"/>
    <property name="user.language" value="es"/>
    <property name="java.specification.vendor" value="Oracle Corporation"/>
    <property name="java.version.date" value="2024-07-16"/>
    <property name="java.home" value="C:\Program Files\JAVA\jdk-22.0.2"/>
    <property name="file.separator" value="\"/>
    <property name="basedir" value="C:\Users\34611\Desktop\INGENIERIA_BIOMEDICA\TERCERO_CARRERA\SEGUNDO_CUATRI\SISTEMAS_SOPORTE\mass-spectrometry-drools"/>
    <property name="java.vm.compressedOopsMode" value="Zero based"/>
    <property name="line.separator" value="&#10;"/>
    <property name="java.vm.specification.vendor" value="Oracle Corporation"/>
    <property name="java.specification.name" value="Java Platform API Specification"/>
    <property name="surefire.real.class.path" value="C:\Users\34611\AppData\Local\Temp\surefire15459261446200346491\surefirebooter-20250508162443228_3.jar"/>
    <property name="user.script" value=""/>
    <property name="sun.management.compiler" value="HotSpot 64-Bit Tiered Compilers"/>
    <property name="java.runtime.version" value="22.0.2+9-70"/>
    <property name="user.name" value="34611"/>
    <property name="stdout.encoding" value="Cp1252"/>
    <property name="path.separator" value=";"/>
    <property name="os.version" value="10.0"/>
    <property name="java.runtime.name" value="Java(TM) SE Runtime Environment"/>
    <property name="file.encoding" value="UTF-8"/>
    <property name="java.vm.name" value="Java HotSpot(TM) 64-Bit Server VM"/>
    <property name="localRepository" value="C:\Users\34611\.m2\repository"/>
    <property name="java.vendor.url.bug" value="https://bugreport.java.com/bugreport/"/>
    <property name="java.io.tmpdir" value="C:\Users\34611\AppData\Local\Temp\"/>
    <property name="java.version" value="22.0.2"/>
    <property name="user.dir" value="C:\Users\34611\Desktop\INGENIERIA_BIOMEDICA\TERCERO_CARRERA\SEGUNDO_CUATRI\SISTEMAS_SOPORTE\mass-spectrometry-drools"/>
    <property name="os.arch" value="amd64"/>
    <property name="java.vm.specification.name" value="Java Virtual Machine Specification"/>
    <property name="sun.os.patch.level" value=""/>
    <property name="native.encoding" value="Cp1252"/>
    <property name="java.library.path" value="C:\Program Files\JAVA\jdk-22.0.2\bin;C:\WINDOWS\Sun\Java\bin;C:\WINDOWS\system32;C:\WINDOWS;&quot;C:\Program Files\JAVA\jdk-22.0.2\bin;&quot;;&quot;%CATALINA_HOME%\bin;C:\WINDOWS\system32;C:\WINDOWS;C:\WINDOWS\System32\Wbem;C:\WINDOWS\System32\WindowsPowerShell\v1.0\;C:\WINDOWS\System32\OpenSSH\;C:\Program Files\Common Files\Oracle\Java\javapath;C:\Program Files\JAVA\jdk-21.0.2\bin;C:\Program Files\JAVA\jdk1.8.0_202\bin;C:\Program Files\MATLAB\R2024b\bin;C:\Program Files\MATLAB\R2023b\bin;C:\Program Files\JAVA\jdk-19.0.2\bin;C:\Program Files\HP\HP One Agent;C:\Program Files\Git\cmd;C:\Program Files (x86)\Gpg4win\..\GnuPG\bin;C:\Users\34611\Documents\apache-tomee-plume-7.0.2_to_conf\bin;C:\Users\34611\AppData\Local\Programs\Python\Launcher\;C:\Program Files\MySQL\MySQL Shell 8.0\bin\;C:\Users\34611\anaconda3;C:\Users\34611\anaconda3\Library\mingw-w64\bin;C:\Users\34611\anaconda3\Library\usr\bin;C:\Users\34611\anaconda3\Library\bin;C:\Users\34611\anaconda3\Scripts;C:\Users\34611\AppData\Local\Microsoft\WindowsApps;C:\Program Files\JetBrains\IntelliJ IDEA Community Edition 2022.3.2\bin;C:\Program Files\MySQL\MySQL Server 8.0\bin;C:\Pr;C:\Program Files\nodejs\;;C:\WINDOWS\system32;C:\WINDOWS;C:\WINDOWS\System32\Wbem;C:\WINDOWS\System32\WindowsPowerShell\v1.0\;C:\WINDOWS\System32\OpenSSH\;C:\Program Files\JAVA\jdk-22.0.2\bin;C:\Users\34611\Documents\apache-tomee-plume-10.0.0\bin;C:\WINDOWS\system32;C:\WINDOWS;C:\WINDOWS\System32\Wbem;C:\WINDOWS\System32\WindowsPowerShell\v1.0\;C:\WINDOWS\System32\OpenSSH\;C:\Program Files\JAVA\jdk1.8.0_202\bin;C:\Program Files\Common Files\Oracle\Java\javapath;C:\Program Files\JAVA\jdk-21.0.2\bin;C:\Program Files\MATLAB\R2023b\bin;C:\Program Files\JAVA\jdk-19.0.2\bin;C:\Program Files\HP\HP One Agent;C:\Program Files\Git\cmd;C:\Program Files (x86)\Gpg4win\..\GnuPG\bin;C:\Users\34611\Documents\apache-tomee-plume-7.0.2_to_conf\bin;C:\Users\34611\AppData\Local\Programs\Python\Launcher\;C:\Program Files\MySQL\MySQL Shell 8.0\bin\;C:\Users\34611\anaconda3;C:\Users\34611\anaconda3\Library\mingw-w64\bin;C:\Users\34611\anaconda3\Library\usr\bin;C:\Users\34611\anaconda3\Library\bin;C:\Users\34611\anaconda3\Scripts;C:\Users\34611\AppData\Local\Microsoft\WindowsApps;C:\Program Files\JetBrains\IntelliJ IDEA Community Edition 2022.3.2\bin;C:\Program Files\MySQL\MySQL Server 8.0\bin;C:\Program Files (x86)\Gpg4win\bin;C:\Program Files\JetBrains\PyCh;C:\Users\34611\AppData\Local\Programs\Microsoft VS Code\bin;C:\Users\34611\Documents\apache-maven-3.9.9\bin;C:\Program Files\PostgreSQL\16\bin;C:\Users\34611\AppData\Roaming\npm;C:\Program Files\JetBrains\IntelliJ IDEA 2024.3.4.1\bin;;C:\Users\34611\AppData\Local\Microsoft\WindowsApps;;."/>
    <property name="java.vm.info" value="mixed mode, sharing"/>
    <property name="stderr.encoding" value="Cp1252"/>
    <property name="java.vendor" value="Oracle Corporation"/>
    <property name="java.vm.version" value="22.0.2+9-70"/>
    <property name="sun.io.unicode.encoding" value="UnicodeLittle"/>
    <property name="java.class.version" value="66.0"/>
  </properties>
  <testcase name="testGetMonoisotopicMass" classname="lipid.AdductDetectionTest" time="0.0"/>
  <testcase name="shouldDetectDoublyChargedAdduct" classname="lipid.AdductDetectionTest" time="0.0"/>
  <testcase name="shouldDetectAdductBasedOnMzDifference" classname="lipid.AdductDetectionTest" time="0.0"/>
  <testcase name="testGetCharge" classname="lipid.AdductDetectionTest" time="0.0"/>
  <testcase name="shouldDetectLossOfWaterAdduct" classname="lipid.AdductDetectionTest" time="0.0"/>
</testsuite>